# JRE version: OpenJDK Runtime Environment (8.0_242-b08) (build 1.8.0_242-8u242-b08-0ubuntu3~18.04-b08)
# Java VM: OpenJDK 64-Bit Server VM (25.242-b08 mixed mode linux-amd64 compressed oops)
Heap:
 PSYoungGen      total 127488K, used 7670K [0x00000000eb780000, 0x00000000f3b80000, 0x0000000100000000)
  eden space 119808K, 0% used [0x00000000eb780000,0x00000000eb780000,0x00000000f2c80000)
  from space 7680K, 99% used [0x00000000f3400000,0x00000000f3b7d860,0x00000000f3b80000)
  to   space 5632K, 0% used [0x00000000f2e00000,0x00000000f2e00000,0x00000000f3380000)
 ParOldGen       total 36352K, used 12758K [0x00000000c2600000, 0x00000000c4980000, 0x00000000eb780000)
  object space 36352K, 35% used [0x00000000c2600000,0x00000000c3275bb0,0x00000000c4980000)
 Metaspace       used 25858K, capacity 26446K, committed 26752K, reserved 1073152K
  class space    used 2928K, capacity 3113K, committed 3200K, reserved 1048576K
GC Heap History (10 events):
Event: 2.033 GC heap after
Heap after GC invocations=6 (full 0):
 PSYoungGen      total 68096K, used 6138K [0x00000000eb780000, 0x00000000f0480000, 0x0000000100000000)
  eden space 61952K, 0% used [0x00000000eb780000,0x00000000eb780000,0x00000000ef400000)
  from space 6144K, 99% used [0x00000000efb80000,0x00000000f017eb98,0x00000000f0180000)
  to   space 7680K, 0% used [0x00000000ef400000,0x00000000ef400000,0x00000000efb80000)
 ParOldGen       total 42496K, used 7711K [0x00000000c2600000, 0x00000000c4f80000, 0x00000000eb780000)
  object space 42496K, 18% used [0x00000000c2600000,0x00000000c2d87c50,0x00000000c4f80000)
 Metaspace       used 17970K, capacity 18244K, committed 18432K, reserved 1064960K
  class space    used 2143K, capacity 2270K, committed 2304K, reserved 1048576K
}
Event: 2.412 GC heap before
{Heap before GC invocations=7 (full 0):
 PSYoungGen      total 68096K, used 19731K [0x00000000eb780000, 0x00000000f0480000, 0x0000000100000000)
  eden space 61952K, 21% used [0x00000000eb780000,0x00000000ec4c60b8,0x00000000ef400000)
  from space 6144K, 99% used [0x00000000efb80000,0x00000000f017eb98,0x00000000f0180000)
  to   space 7680K, 0% used [0x00000000ef400000,0x00000000ef400000,0x00000000efb80000)
 ParOldGen       total 42496K, used 7711K [0x00000000c2600000, 0x00000000c4f80000, 0x00000000eb780000)
  object space 42496K, 18% used [0x00000000c2600000,0x00000000c2d87c50,0x00000000c4f80000)
 Metaspace       used 20702K, capacity 21044K, committed 21296K, reserved 1069056K
  class space    used 2469K, capacity 2628K, committed 2688K, reserved 1048576K
Event: 2.423 GC heap after
Heap after GC invocations=7 (full 0):
 PSYoungGen      total 69632K, used 6438K [0x00000000eb780000, 0x00000000f4080000, 0x0000000100000000)
  eden space 61952K, 0% used [0x00000000eb780000,0x00000000eb780000,0x00000000ef400000)
  from space 7680K, 83% used [0x00000000ef400000,0x00000000efa49a50,0x00000000efb80000)
  to   space 8192K, 0% used [0x00000000f3880000,0x00000000f3880000,0x00000000f4080000)
 ParOldGen       total 42496K, used 8511K [0x00000000c2600000, 0x00000000c4f80000, 0x00000000eb780000)
  object space 42496K, 20% used [0x00000000c2600000,0x00000000c2e4fce0,0x00000000c4f80000)
 Metaspace       used 20702K, capacity 21044K, committed 21296K, reserved 1069056K
  class space    used 2469K, capacity 2628K, committed 2688K, reserved 1048576K
}
Event: 2.423 GC heap before
{Heap before GC invocations=8 (full 1):
 PSYoungGen      total 69632K, used 6438K [0x00000000eb780000, 0x00000000f4080000, 0x0000000100000000)
  eden space 61952K, 0% used [0x00000000eb780000,0x00000000eb780000,0x00000000ef400000)
  from space 7680K, 83% used [0x00000000ef400000,0x00000000efa49a50,0x00000000efb80000)
  to   space 8192K, 0% used [0x00000000f3880000,0x00000000f3880000,0x00000000f4080000)
 ParOldGen       total 42496K, used 8511K [0x00000000c2600000, 0x00000000c4f80000, 0x00000000eb780000)
  object space 42496K, 20% used [0x00000000c2600000,0x00000000c2e4fce0,0x00000000c4f80000)
 Metaspace       used 20702K, capacity 21044K, committed 21296K, reserved 1069056K
  class space    used 2469K, capacity 2628K, committed 2688K, reserved 1048576K
Event: 2.470 GC heap after
Heap after GC invocations=8 (full 1):
 PSYoungGen      total 69632K, used 0K [0x00000000eb780000, 0x00000000f4080000, 0x0000000100000000)
  eden space 61952K, 0% used [0x00000000eb780000,0x00000000eb780000,0x00000000ef400000)
  from space 7680K, 0% used [0x00000000ef400000,0x00000000ef400000,0x00000000efb80000)
  to   space 8192K, 0% used [0x00000000f3880000,0x00000000f3880000,0x00000000f4080000)
 ParOldGen       total 36352K, used 9966K [0x00000000c2600000, 0x00000000c4980000, 0x00000000eb780000)
  object space 36352K, 27% used [0x00000000c2600000,0x00000000c2fbbab8,0x00000000c4980000)
 Metaspace       used 20702K, capacity 21044K, committed 21296K, reserved 1069056K
  class space    used 2469K, capacity 2628K, committed 2688K, reserved 1048576K
}
Event: 4.392 GC heap before
{Heap before GC invocations=9 (full 1):
 PSYoungGen      total 69632K, used 61952K [0x00000000eb780000, 0x00000000f4080000, 0x0000000100000000)
  eden space 61952K, 100% used [0x00000000eb780000,0x00000000ef400000,0x00000000ef400000)
  from space 7680K, 0% used [0x00000000ef400000,0x00000000ef400000,0x00000000efb80000)
  to   space 8192K, 0% used [0x00000000f3880000,0x00000000f3880000,0x00000000f4080000)
 ParOldGen       total 36352K, used 9966K [0x00000000c2600000, 0x00000000c4980000, 0x00000000eb780000)
  object space 36352K, 27% used [0x00000000c2600000,0x00000000c2fbbab8,0x00000000c4980000)
 Metaspace       used 23071K, capacity 23456K, committed 23808K, reserved 1071104K
  class space    used 2659K, capacity 2804K, committed 2816K, reserved 1048576K
Event: 4.399 GC heap after
Heap after GC invocations=9 (full 1):
 PSYoungGen      total 98304K, used 4292K [0x00000000eb780000, 0x00000000f3d00000, 0x0000000100000000)
  eden space 93696K, 0% used [0x00000000eb780000,0x00000000eb780000,0x00000000f1300000)
  from space 4608K, 93% used [0x00000000f3880000,0x00000000f3cb1030,0x00000000f3d00000)
  to   space 7680K, 0% used [0x00000000f2e00000,0x00000000f2e00000,0x00000000f3580000)
 ParOldGen       total 36352K, used 9974K [0x00000000c2600000, 0x00000000c4980000, 0x00000000eb780000)
  object space 36352K, 27% used [0x00000000c2600000,0x00000000c2fbdab8,0x00000000c4980000)
 Metaspace       used 23071K, capacity 23456K, committed 23808K, reserved 1071104K
  class space    used 2659K, capacity 2804K, committed 2816K, reserved 1048576K
}
Event: 6.253 GC heap before
{Heap before GC invocations=10 (full 1):
 PSYoungGen      total 98304K, used 97988K [0x00000000eb780000, 0x00000000f3d00000, 0x0000000100000000)
  eden space 93696K, 100% used [0x00000000eb780000,0x00000000f1300000,0x00000000f1300000)
  from space 4608K, 93% used [0x00000000f3880000,0x00000000f3cb1030,0x00000000f3d00000)
  to   space 7680K, 0% used [0x00000000f2e00000,0x00000000f2e00000,0x00000000f3580000)
 ParOldGen       total 36352K, used 9974K [0x00000000c2600000, 0x00000000c4980000, 0x00000000eb780000)
  object space 36352K, 27% used [0x00000000c2600000,0x00000000c2fbdab8,0x00000000c4980000)
 Metaspace       used 23648K, capacity 24030K, committed 24448K, reserved 1071104K
  class space    used 2675K, capacity 2841K, committed 2944K, reserved 1048576K
Event: 6.265 GC heap after
Heap after GC invocations=10 (full 1):
 PSYoungGen      total 125440K, used 5332K [0x00000000eb780000, 0x00000000f3b80000, 0x0000000100000000)
  eden space 119808K, 0% used [0x00000000eb780000,0x00000000eb780000,0x00000000f2c80000)
  from space 5632K, 94% used [0x00000000f2e00000,0x00000000f3335200,0x00000000f3380000)
  to   space 7680K, 0% used [0x00000000f3400000,0x00000000f3400000,0x00000000f3b80000)
 ParOldGen       total 36352K, used 9982K [0x00000000c2600000, 0x00000000c4980000, 0x00000000eb780000)
  object space 36352K, 27% used [0x00000000c2600000,0x00000000c2fbfab8,0x00000000c4980000)
 Metaspace       used 23648K, capacity 24030K, committed 24448K, reserved 1071104K
  class space    used 2675K, capacity 2841K, committed 2944K, reserved 1048576K
}
Event: 7.388 GC heap before
{Heap before GC invocations=11 (full 1):
 PSYoungGen      total 125440K, used 125140K [0x00000000eb780000, 0x00000000f3b80000, 0x0000000100000000)
  eden space 119808K, 100% used [0x00000000eb780000,0x00000000f2c80000,0x00000000f2c80000)
  from space 5632K, 94% used [0x00000000f2e00000,0x00000000f3335200,0x00000000f3380000)
  to   space 7680K, 0% used [0x00000000f3400000,0x00000000f3400000,0x00000000f3b80000)
 ParOldGen       total 36352K, used 9982K [0x00000000c2600000, 0x00000000c4980000, 0x00000000eb780000)
  object space 36352K, 27% used [0x00000000c2600000,0x00000000c2fbfab8,0x00000000c4980000)
 Metaspace       used 25858K, capacity 26446K, committed 26752K, reserved 1073152K
  class space    used 2928K, capacity 3113K, committed 3200K, reserved 1048576K

